Using pre-set license
Built from '2020.2/release' branch; Version is '2020.2.0f1 (3721df5a8b28) revision 3613151'; Using compiler version '192528614'; Build Type 'Release'
OS: 'Windows 10  (10.0.0) 64bit' Language: 'ko' Physical Memory: 7549 MB
BatchMode: 1, IsHumanControllingUs: 0, StartBugReporterOnCrash: 0, Is64bit: 1, IsPro: 0

 COMMAND LINE ARGUMENTS:
C:\Program Files\Unity\Hub\Editor\2020.2.0f1\Editor\Unity.exe
-adb2
-batchMode
-noUpm
-name
AssetImportWorker0
-projectPath
C:/Users/kimmk/Desktop/Github Desktop/TWHG_Editor
-logFile
Logs/AssetImportWorker0.log
-srvPort
55940
Successfully changed project path to: C:/Users/kimmk/Desktop/Github Desktop/TWHG_Editor
C:/Users/kimmk/Desktop/Github Desktop/TWHG_Editor
Using Asset Import Pipeline V2.
Refreshing native plugins compatible for Editor in 33.40 ms, found 1 plugins.
Preloading 0 native plugins for Editor in 0.00 ms.
Initialize engine version: 2020.2.0f1 (3721df5a8b28)
[Subsystems] Discovering subsystems at path C:/Program Files/Unity/Hub/Editor/2020.2.0f1/Editor/Data/Resources/UnitySubsystems
[Subsystems] Discovering subsystems at path C:/Users/kimmk/Desktop/Github Desktop/TWHG_Editor/Assets
GfxDevice: creating device client; threaded=0
Direct3D:
    Version:  Direct3D 11.0 [level 11.1]
    Renderer: NVIDIA GeForce GTX 1650 Ti (ID=0x1f95)
    Vendor:   
    VRAM:     3962 MB
    Driver:   30.0.14.7168
Initialize mono
Mono path[0] = 'C:/Program Files/Unity/Hub/Editor/2020.2.0f1/Editor/Data/Managed'
Mono path[1] = 'C:/Program Files/Unity/Hub/Editor/2020.2.0f1/Editor/Data/MonoBleedingEdge/lib/mono/unityjit'
Mono config path = 'C:/Program Files/Unity/Hub/Editor/2020.2.0f1/Editor/Data/MonoBleedingEdge/etc'
Using monoOptions --debugger-agent=transport=dt_socket,embedding=1,server=y,suspend=n,address=127.0.0.1:56284
Begin MonoManager ReloadAssembly
Registering precompiled unity dll's ...
Register platform support module: C:/Program Files/Unity/Hub/Editor/2020.2.0f1/Editor/Data/PlaybackEngines/WindowsStandaloneSupport/UnityEditor.WindowsStandalone.Extensions.dll
Registered in 0.001434 seconds.
Native extension for WindowsStandalone target not found
Refreshing native plugins compatible for Editor in 34.63 ms, found 1 plugins.
Preloading 0 native plugins for Editor in 0.00 ms.
Invoked RoslynAnalysisRunner static constructor.
RoslynAnalysisRunner will not be running.
RoslynAnalysisRunner has terminated.
Mono: successfully reloaded assembly
- Completed reload, in  2.215 seconds
Platform modules already initialized, skipping
Registering precompiled user dll's ...
Registered in 0.000900 seconds.
Begin MonoManager ReloadAssembly
Native extension for WindowsStandalone target not found
Refreshing native plugins compatible for Editor in 38.18 ms, found 1 plugins.
Preloading 0 native plugins for Editor in 0.00 ms.
Invoked RoslynAnalysisRunner static constructor.
RoslynAnalysisRunner will not be running.
RoslynAnalysisRunner has terminated.
Mono: successfully reloaded assembly
- Completed reload, in  1.057 seconds
Platform modules already initialized, skipping
========================================================================
Worker process is ready to serve import requests
Launched and connected shader compiler UnityShaderCompiler.exe after 0.04 seconds
Refreshing native plugins compatible for Editor in 0.46 ms, found 1 plugins.
Preloading 0 native plugins for Editor in 0.00 ms.
Unloading 1807 Unused Serialized files (Serialized files now loaded: 0)
System memory in use before: 84.0 MB.
System memory in use after: 84.1 MB.

Unloading 19 unused Assets to reduce memory usage. Loaded Objects now: 2253.
Total: 1.929700 ms (FindLiveObjects: 0.232800 ms CreateObjectMapping: 0.046500 ms MarkObjects: 1.590800 ms  DeleteObjects: 0.058400 ms)

========================================================================
Received Import Request.
  path: Assets/Scripts/01_Player/Player.cs
  artifactKey: Guid(eee093fff70cbd54482009bf626b6da4) Importer(815301076,1909f56bfc062723c751e8b465ee728b)
Start importing Assets/Scripts/01_Player/Player.cs using Guid(eee093fff70cbd54482009bf626b6da4) Importer(815301076,1909f56bfc062723c751e8b465ee728b)  -> (artifact id: '8332977b64cbbb252e1e8351191e6dac') in 0.026911 seconds
  Import took 0.030198 seconds .

========================================================================
Received Prepare
Registering precompiled user dll's ...
Registered in 0.000823 seconds.
Begin MonoManager ReloadAssembly
Native extension for WindowsStandalone target not found
Refreshing native plugins compatible for Editor in 0.37 ms, found 1 plugins.
Preloading 0 native plugins for Editor in 0.00 ms.
Invoked RoslynAnalysisRunner static constructor.
RoslynAnalysisRunner will not be running.
RoslynAnalysisRunner has terminated.
Mono: successfully reloaded assembly
- Completed reload, in  0.813 seconds
Platform modules already initialized, skipping
Refreshing native plugins compatible for Editor in 0.37 ms, found 1 plugins.
Preloading 0 native plugins for Editor in 0.00 ms.
Unloading 1797 Unused Serialized files (Serialized files now loaded: 0)
System memory in use before: 83.8 MB.
System memory in use after: 83.9 MB.

Unloading 8 unused Assets to reduce memory usage. Loaded Objects now: 2255.
Total: 2.053100 ms (FindLiveObjects: 0.222900 ms CreateObjectMapping: 0.043800 ms MarkObjects: 1.759700 ms  DeleteObjects: 0.025200 ms)

========================================================================
Received Import Request.
  Time since last request: 1057.488658 seconds.
  path: Assets/Resources/05_Tile/Tile.prefab
  artifactKey: Guid(8a0e647c78b2f0742a9bbddf6ad4dc6d) Importer(815301076,1909f56bfc062723c751e8b465ee728b)
Start importing Assets/Resources/05_Tile/Tile.prefab using Guid(8a0e647c78b2f0742a9bbddf6ad4dc6d) Importer(815301076,1909f56bfc062723c751e8b465ee728b)  -> (artifact id: '0d7561c3e82d880f6a4fe132e84e64ce') in 0.039732 seconds
  Import took 0.043606 seconds .

========================================================================
Received Import Request.
  Time since last request: 0.000230 seconds.
  path: Assets/Resources/05_Tile/Tile_Sprite.png
  artifactKey: Guid(15364cc01ca282145b87ff9b9e6dcbc6) Importer(815301076,1909f56bfc062723c751e8b465ee728b)
Start importing Assets/Resources/05_Tile/Tile_Sprite.png using Guid(15364cc01ca282145b87ff9b9e6dcbc6) Importer(815301076,1909f56bfc062723c751e8b465ee728b)  -> (artifact id: '447c331db73be4789ca911b3b055408b') in 0.074904 seconds
  Import took 0.077645 seconds .

========================================================================
Received Prepare
Registering precompiled user dll's ...
Registered in 0.000884 seconds.
Begin MonoManager ReloadAssembly
Native extension for WindowsStandalone target not found
Refreshing native plugins compatible for Editor in 0.46 ms, found 1 plugins.
Preloading 0 native plugins for Editor in 0.00 ms.
Invoked RoslynAnalysisRunner static constructor.
RoslynAnalysisRunner will not be running.
RoslynAnalysisRunner has terminated.
Mono: successfully reloaded assembly
- Completed reload, in  0.897 seconds
Platform modules already initialized, skipping
Refreshing native plugins compatible for Editor in 0.37 ms, found 1 plugins.
Preloading 0 native plugins for Editor in 0.00 ms.
Unloading 1797 Unused Serialized files (Serialized files now loaded: 0)
System memory in use before: 87.0 MB.
System memory in use after: 87.1 MB.

Unloading 8 unused Assets to reduce memory usage. Loaded Objects now: 2263.
Total: 2.065000 ms (FindLiveObjects: 0.213200 ms CreateObjectMapping: 0.043800 ms MarkObjects: 1.786300 ms  DeleteObjects: 0.020100 ms)

========================================================================
Received Import Request.
  Time since last request: 116.007592 seconds.
  path: Assets/Resources/04_Wall/Wall.prefab
  artifactKey: Guid(68e2724fc01c6cf4fb99a2f93c57ceee) Importer(815301076,1909f56bfc062723c751e8b465ee728b)
Start importing Assets/Resources/04_Wall/Wall.prefab using Guid(68e2724fc01c6cf4fb99a2f93c57ceee) Importer(815301076,1909f56bfc062723c751e8b465ee728b)  -> (artifact id: '42024cd8e8885e30d21f1436257cf21f') in 0.033680 seconds
  Import took 0.036838 seconds .

========================================================================
Received Import Request.
  Time since last request: 0.696180 seconds.
  path: Assets/Resources/03_Coin/Coin.prefab
  artifactKey: Guid(7931356356d2df94680da75fbd7d7a4e) Importer(815301076,1909f56bfc062723c751e8b465ee728b)
Start importing Assets/Resources/03_Coin/Coin.prefab using Guid(7931356356d2df94680da75fbd7d7a4e) Importer(815301076,1909f56bfc062723c751e8b465ee728b)  -> (artifact id: 'e4996d0c2681c3485376ad6c8acef57b') in 0.048489 seconds
  Import took 0.051872 seconds .

========================================================================
Received Import Request.
  Time since last request: 0.000261 seconds.
  path: Assets/Resources/03_Coin/Coin_Sprite.png
  artifactKey: Guid(e6ebc2aa73dbccb43a34e38e61d6917d) Importer(815301076,1909f56bfc062723c751e8b465ee728b)
Start importing Assets/Resources/03_Coin/Coin_Sprite.png using Guid(e6ebc2aa73dbccb43a34e38e61d6917d) Importer(815301076,1909f56bfc062723c751e8b465ee728b)  -> (artifact id: 'c713b4285328c3456672f60d399e4604') in 0.034520 seconds
  Import took 0.038341 seconds .

========================================================================
Received Import Request.
  Time since last request: 0.004764 seconds.
  path: Assets/Resources/03_Coin/Coin_Sprite.png
  artifactKey: Guid(e6ebc2aa73dbccb43a34e38e61d6917d) Importer(815301076,1909f56bfc062723c751e8b465ee728b)
Start importing Assets/Resources/03_Coin/Coin_Sprite.png using Guid(e6ebc2aa73dbccb43a34e38e61d6917d) Importer(815301076,1909f56bfc062723c751e8b465ee728b)  -> (artifact id: 'c713b4285328c3456672f60d399e4604') in 0.023297 seconds
  Import took 0.026292 seconds .

========================================================================
Received Import Request.
  Time since last request: 0.446602 seconds.
  path: Assets/Resources/02_Enemy/Enemy.prefab
  artifactKey: Guid(7c98fc609eb8c62489944911d96fd797) Importer(815301076,1909f56bfc062723c751e8b465ee728b)
Start importing Assets/Resources/02_Enemy/Enemy.prefab using Guid(7c98fc609eb8c62489944911d96fd797) Importer(815301076,1909f56bfc062723c751e8b465ee728b)  -> (artifact id: '3ae425542073354ebbe1fae45c8df573') in 0.020258 seconds
  Import took 0.023323 seconds .

========================================================================
Received Import Request.
  Time since last request: 0.000237 seconds.
  path: Assets/Resources/02_Enemy/Enemy_Sprite.png
  artifactKey: Guid(64be297272690934f8cc6c2dc453a5d4) Importer(815301076,1909f56bfc062723c751e8b465ee728b)
Start importing Assets/Resources/02_Enemy/Enemy_Sprite.png using Guid(64be297272690934f8cc6c2dc453a5d4) Importer(815301076,1909f56bfc062723c751e8b465ee728b)  -> (artifact id: '6e6e0e7f407e98e66c79fa3727a177f7') in 0.020807 seconds
  Import took 0.023891 seconds .

========================================================================
Received Prepare
Registering precompiled user dll's ...
Registered in 0.000995 seconds.
Begin MonoManager ReloadAssembly
Native extension for WindowsStandalone target not found
Refreshing native plugins compatible for Editor in 0.35 ms, found 1 plugins.
Preloading 0 native plugins for Editor in 0.00 ms.
Invoked RoslynAnalysisRunner static constructor.
RoslynAnalysisRunner will not be running.
RoslynAnalysisRunner has terminated.
Mono: successfully reloaded assembly
- Completed reload, in  0.892 seconds
Platform modules already initialized, skipping
Refreshing native plugins compatible for Editor in 0.36 ms, found 1 plugins.
Preloading 0 native plugins for Editor in 0.00 ms.
Unloading 1797 Unused Serialized files (Serialized files now loaded: 0)
System memory in use before: 87.1 MB.
System memory in use after: 87.2 MB.

Unloading 8 unused Assets to reduce memory usage. Loaded Objects now: 2271.
Total: 2.156700 ms (FindLiveObjects: 0.305300 ms CreateObjectMapping: 0.089500 ms MarkObjects: 1.742900 ms  DeleteObjects: 0.016800 ms)

========================================================================
Received Import Request.
  Time since last request: 37.860361 seconds.
  path: Assets/Resources/06_UI/Button_SpriteSheet.png
  artifactKey: Guid(46d314adf271c3d4b896eed609416398) Importer(815301076,1909f56bfc062723c751e8b465ee728b)
Start importing Assets/Resources/06_UI/Button_SpriteSheet.png using Guid(46d314adf271c3d4b896eed609416398) Importer(815301076,1909f56bfc062723c751e8b465ee728b)  -> (artifact id: '9c580f8b4e4534228adb6e17b9c53433') in 0.669679 seconds
  Import took 0.676686 seconds .

========================================================================
Received Import Request.
  Time since last request: 0.000224 seconds.
  path: Assets/Resources/06_UI/Quit orange button 300x80.png
  artifactKey: Guid(f13463369f8a70f499f658449c9a34ac) Importer(815301076,1909f56bfc062723c751e8b465ee728b)
Start importing Assets/Resources/06_UI/Quit orange button 300x80.png using Guid(f13463369f8a70f499f658449c9a34ac) Importer(815301076,1909f56bfc062723c751e8b465ee728b)  -> (artifact id: '48584a1f749750ea65607ea2aff6b9ef') in 0.019318 seconds
  Import took 0.022608 seconds .

========================================================================
Received Import Request.
  Time since last request: 0.000203 seconds.
  path: Assets/Resources/06_UI/options blue button 300x80.png
  artifactKey: Guid(65f5f4b8264f3df498d77d319a56a38d) Importer(815301076,1909f56bfc062723c751e8b465ee728b)
Start importing Assets/Resources/06_UI/options blue button 300x80.png using Guid(65f5f4b8264f3df498d77d319a56a38d) Importer(815301076,1909f56bfc062723c751e8b465ee728b)  -> (artifact id: '49cb027caa3b1e37f066ab6a085b25d1') in 0.018530 seconds
  Import took 0.021768 seconds .

========================================================================
Received Import Request.
  Time since last request: 0.000279 seconds.
  path: Assets/Resources/06_UI/Window_SpriteSheet.png
  artifactKey: Guid(c6afa02fb7a99c140a489fbfe78a2114) Importer(815301076,1909f56bfc062723c751e8b465ee728b)
Start importing Assets/Resources/06_UI/Window_SpriteSheet.png using Guid(c6afa02fb7a99c140a489fbfe78a2114) Importer(815301076,1909f56bfc062723c751e8b465ee728b)  -> (artifact id: '7f5e62023ebdf11c3e9767a87f261e24') in 0.612884 seconds
  Import took 0.617643 seconds .

========================================================================
Received Import Request.
  Time since last request: 0.000241 seconds.
  path: Assets/Resources/06_UI/Quit blue button 300x80.png
  artifactKey: Guid(2cf56f5f337d5c542a9b998e9b13a043) Importer(815301076,1909f56bfc062723c751e8b465ee728b)
Start importing Assets/Resources/06_UI/Quit blue button 300x80.png using Guid(2cf56f5f337d5c542a9b998e9b13a043) Importer(815301076,1909f56bfc062723c751e8b465ee728b)  -> (artifact id: 'ee67398f02ae2461c17b8920e29274de') in 0.017326 seconds
  Import took 0.020524 seconds .

========================================================================
Received Import Request.
  Time since last request: 0.000210 seconds.
  path: Assets/Resources/06_UI/Play button 300x80.png
  artifactKey: Guid(915bd903d0395894da9574fd0003c418) Importer(815301076,1909f56bfc062723c751e8b465ee728b)
Start importing Assets/Resources/06_UI/Play button 300x80.png using Guid(915bd903d0395894da9574fd0003c418) Importer(815301076,1909f56bfc062723c751e8b465ee728b)  -> (artifact id: '07866e7a8a5886e9dd1143a4417d75a9') in 0.018591 seconds
  Import took 0.021952 seconds .

========================================================================
Received Import Request.
  Time since last request: 0.000243 seconds.
  path: Assets/Resources/06_UI/Play blue button 300x80.png
  artifactKey: Guid(bb7af8dbe99365149bb1dd39d137b481) Importer(815301076,1909f56bfc062723c751e8b465ee728b)
Start importing Assets/Resources/06_UI/Play blue button 300x80.png using Guid(bb7af8dbe99365149bb1dd39d137b481) Importer(815301076,1909f56bfc062723c751e8b465ee728b)  -> (artifact id: '80961c270dfeb12e7217af94964aafd5') in 0.018299 seconds
  Import took 0.022126 seconds .

========================================================================
Received Import Request.
  Time since last request: 0.000228 seconds.
  path: Assets/Resources/06_UI/Play orange button 300x80.png
  artifactKey: Guid(82714d9e541db1540b1579aaecfc2910) Importer(815301076,1909f56bfc062723c751e8b465ee728b)
Start importing Assets/Resources/06_UI/Play orange button 300x80.png using Guid(82714d9e541db1540b1579aaecfc2910) Importer(815301076,1909f56bfc062723c751e8b465ee728b)  -> (artifact id: '9682ca578a3b03e1c2a22703c98a11a6') in 0.018374 seconds
  Import took 0.021615 seconds .

========================================================================
Received Import Request.
  Time since last request: 0.000223 seconds.
  path: Assets/Resources/06_UI/Erase_Sprite.png
  artifactKey: Guid(cc4089a6ba6d1054299895238fc4ac17) Importer(815301076,1909f56bfc062723c751e8b465ee728b)
Start importing Assets/Resources/06_UI/Erase_Sprite.png using Guid(cc4089a6ba6d1054299895238fc4ac17) Importer(815301076,1909f56bfc062723c751e8b465ee728b)  -> (artifact id: 'b96dffeba58a62a129ab9518ecdcf50d') in 0.013989 seconds
  Import took 0.016997 seconds .

========================================================================
Received Import Request.
  Time since last request: 0.000198 seconds.
  path: Assets/Resources/06_UI/options orange button 300x80.png
  artifactKey: Guid(dd81643f31bbb3f4683e06abf596d622) Importer(815301076,1909f56bfc062723c751e8b465ee728b)
Start importing Assets/Resources/06_UI/options orange button 300x80.png using Guid(dd81643f31bbb3f4683e06abf596d622) Importer(815301076,1909f56bfc062723c751e8b465ee728b)  -> (artifact id: 'b1e065043c362ff4c188e1a3791eae91') in 0.018394 seconds
  Import took 0.021425 seconds .

========================================================================
Received Import Request.
  Time since last request: 0.000188 seconds.
  path: Assets/Resources/06_UI/Window_Sprite.png
  artifactKey: Guid(1a2537f3fe8fbea419680f5779afdb9a) Importer(815301076,1909f56bfc062723c751e8b465ee728b)
Start importing Assets/Resources/06_UI/Window_Sprite.png using Guid(1a2537f3fe8fbea419680f5779afdb9a) Importer(815301076,1909f56bfc062723c751e8b465ee728b)  -> (artifact id: '56c056c0a6586a84455f467554e47be8') in 0.014206 seconds
  Import took 0.017619 seconds .

========================================================================
Received Import Request.
  Time since last request: 0.000176 seconds.
  path: Assets/Resources/06_UI/Quit button 300x80.png
  artifactKey: Guid(8d0de347f6015864684374f3ea9e50ef) Importer(815301076,1909f56bfc062723c751e8b465ee728b)
Start importing Assets/Resources/06_UI/Quit button 300x80.png using Guid(8d0de347f6015864684374f3ea9e50ef) Importer(815301076,1909f56bfc062723c751e8b465ee728b)  -> (artifact id: '660bd0540f50f3a825a23daeb6938ba7') in 0.017856 seconds
  Import took 0.021545 seconds .

========================================================================
Received Import Request.
  Time since last request: 0.000383 seconds.
  path: Assets/Resources/06_UI/options button 300x80.png
  artifactKey: Guid(6a4f30e3afe37774995e049f9e8eaf49) Importer(815301076,1909f56bfc062723c751e8b465ee728b)
Start importing Assets/Resources/06_UI/options button 300x80.png using Guid(6a4f30e3afe37774995e049f9e8eaf49) Importer(815301076,1909f56bfc062723c751e8b465ee728b)  -> (artifact id: 'b88b97542803fd26732599ddf8ee06a4') in 0.017991 seconds
  Import took 0.021090 seconds .

========================================================================
Received Prepare
Registering precompiled user dll's ...
Registered in 0.001023 seconds.
Begin MonoManager ReloadAssembly
Native extension for WindowsStandalone target not found
Refreshing native plugins compatible for Editor in 0.41 ms, found 1 plugins.
Preloading 0 native plugins for Editor in 0.00 ms.
Invoked RoslynAnalysisRunner static constructor.
RoslynAnalysisRunner will not be running.
RoslynAnalysisRunner has terminated.
Mono: successfully reloaded assembly
- Completed reload, in  0.896 seconds
Platform modules already initialized, skipping
Refreshing native plugins compatible for Editor in 0.48 ms, found 1 plugins.
Preloading 0 native plugins for Editor in 0.00 ms.
Unloading 1797 Unused Serialized files (Serialized files now loaded: 0)
System memory in use before: 87.4 MB.
System memory in use after: 87.5 MB.

Unloading 8 unused Assets to reduce memory usage. Loaded Objects now: 2292.
Total: 2.838200 ms (FindLiveObjects: 0.342300 ms CreateObjectMapping: 0.049700 ms MarkObjects: 2.427000 ms  DeleteObjects: 0.017200 ms)

========================================================================
Received Prepare
Registering precompiled user dll's ...
Registered in 0.000907 seconds.
Begin MonoManager ReloadAssembly
Native extension for WindowsStandalone target not found
Refreshing native plugins compatible for Editor in 0.39 ms, found 1 plugins.
Preloading 0 native plugins for Editor in 0.00 ms.
Invoked RoslynAnalysisRunner static constructor.
RoslynAnalysisRunner will not be running.
RoslynAnalysisRunner has terminated.
Mono: successfully reloaded assembly
- Completed reload, in  0.911 seconds
Platform modules already initialized, skipping
Refreshing native plugins compatible for Editor in 0.43 ms, found 1 plugins.
Preloading 0 native plugins for Editor in 0.00 ms.
Unloading 1797 Unused Serialized files (Serialized files now loaded: 0)
System memory in use before: 87.5 MB.
System memory in use after: 87.6 MB.

Unloading 8 unused Assets to reduce memory usage. Loaded Objects now: 2294.
Total: 2.204500 ms (FindLiveObjects: 0.279200 ms CreateObjectMapping: 0.080400 ms MarkObjects: 1.826000 ms  DeleteObjects: 0.017300 ms)

========================================================================
Received Prepare
Registering precompiled user dll's ...
Registered in 0.002008 seconds.
Begin MonoManager ReloadAssembly
Native extension for WindowsStandalone target not found
Refreshing native plugins compatible for Editor in 0.40 ms, found 1 plugins.
Preloading 0 native plugins for Editor in 0.00 ms.
Invoked RoslynAnalysisRunner static constructor.
RoslynAnalysisRunner will not be running.
RoslynAnalysisRunner has terminated.
Mono: successfully reloaded assembly
- Completed reload, in  0.897 seconds
Platform modules already initialized, skipping
Refreshing native plugins compatible for Editor in 0.36 ms, found 1 plugins.
Preloading 0 native plugins for Editor in 0.00 ms.
Unloading 1797 Unused Serialized files (Serialized files now loaded: 0)
System memory in use before: 87.6 MB.
System memory in use after: 87.7 MB.

Unloading 8 unused Assets to reduce memory usage. Loaded Objects now: 2296.
Total: 2.125700 ms (FindLiveObjects: 0.333600 ms CreateObjectMapping: 0.100300 ms MarkObjects: 1.670800 ms  DeleteObjects: 0.018800 ms)

========================================================================
Received Prepare
Registering precompiled user dll's ...
Registered in 0.001010 seconds.
Begin MonoManager ReloadAssembly
Native extension for WindowsStandalone target not found
Refreshing native plugins compatible for Editor in 0.40 ms, found 1 plugins.
Preloading 0 native plugins for Editor in 0.00 ms.
Invoked RoslynAnalysisRunner static constructor.
RoslynAnalysisRunner will not be running.
RoslynAnalysisRunner has terminated.
Mono: successfully reloaded assembly
- Completed reload, in  0.853 seconds
Platform modules already initialized, skipping
Refreshing native plugins compatible for Editor in 0.35 ms, found 1 plugins.
Preloading 0 native plugins for Editor in 0.00 ms.
Unloading 1797 Unused Serialized files (Serialized files now loaded: 0)
System memory in use before: 87.7 MB.
System memory in use after: 87.8 MB.

Unloading 8 unused Assets to reduce memory usage. Loaded Objects now: 2298.
Total: 2.227200 ms (FindLiveObjects: 0.243100 ms CreateObjectMapping: 0.045900 ms MarkObjects: 1.918600 ms  DeleteObjects: 0.017700 ms)

========================================================================
Received Prepare
Registering precompiled user dll's ...
Registered in 0.000903 seconds.
Begin MonoManager ReloadAssembly
Native extension for WindowsStandalone target not found
Refreshing native plugins compatible for Editor in 0.45 ms, found 1 plugins.
Preloading 0 native plugins for Editor in 0.00 ms.
Invoked RoslynAnalysisRunner static constructor.
RoslynAnalysisRunner will not be running.
RoslynAnalysisRunner has terminated.
Mono: successfully reloaded assembly
- Completed reload, in  0.811 seconds
Platform modules already initialized, skipping
Refreshing native plugins compatible for Editor in 0.34 ms, found 1 plugins.
Preloading 0 native plugins for Editor in 0.00 ms.
Unloading 1797 Unused Serialized files (Serialized files now loaded: 0)
System memory in use before: 87.7 MB.
System memory in use after: 87.9 MB.

Unloading 8 unused Assets to reduce memory usage. Loaded Objects now: 2300.
Total: 2.335800 ms (FindLiveObjects: 0.364800 ms CreateObjectMapping: 0.104200 ms MarkObjects: 1.847800 ms  DeleteObjects: 0.017100 ms)

========================================================================
Received Prepare
Registering precompiled user dll's ...
Registered in 0.000972 seconds.
Begin MonoManager ReloadAssembly
Native extension for WindowsStandalone target not found
Refreshing native plugins compatible for Editor in 0.36 ms, found 1 plugins.
Preloading 0 native plugins for Editor in 0.00 ms.
Invoked RoslynAnalysisRunner static constructor.
RoslynAnalysisRunner will not be running.
RoslynAnalysisRunner has terminated.
Mono: successfully reloaded assembly
- Completed reload, in  0.872 seconds
Platform modules already initialized, skipping
Refreshing native plugins compatible for Editor in 0.47 ms, found 1 plugins.
Preloading 0 native plugins for Editor in 0.00 ms.
Unloading 1797 Unused Serialized files (Serialized files now loaded: 0)
System memory in use before: 87.8 MB.
System memory in use after: 87.9 MB.

Unloading 8 unused Assets to reduce memory usage. Loaded Objects now: 2302.
Total: 2.408300 ms (FindLiveObjects: 0.237200 ms CreateObjectMapping: 0.042800 ms MarkObjects: 2.107100 ms  DeleteObjects: 0.019300 ms)

========================================================================
Received Prepare
Registering precompiled user dll's ...
Registered in 0.001247 seconds.
Begin MonoManager ReloadAssembly
Native extension for WindowsStandalone target not found
Refreshing native plugins compatible for Editor in 0.37 ms, found 1 plugins.
Preloading 0 native plugins for Editor in 0.00 ms.
Invoked RoslynAnalysisRunner static constructor.
RoslynAnalysisRunner will not be running.
RoslynAnalysisRunner has terminated.
Mono: successfully reloaded assembly
- Completed reload, in  0.860 seconds
Platform modules already initialized, skipping
Refreshing native plugins compatible for Editor in 0.57 ms, found 1 plugins.
Preloading 0 native plugins for Editor in 0.00 ms.
Unloading 1797 Unused Serialized files (Serialized files now loaded: 0)
System memory in use before: 87.9 MB.
System memory in use after: 88.0 MB.

Unloading 8 unused Assets to reduce memory usage. Loaded Objects now: 2304.
Total: 2.813600 ms (FindLiveObjects: 0.321800 ms CreateObjectMapping: 0.102900 ms MarkObjects: 2.367200 ms  DeleteObjects: 0.020000 ms)

========================================================================
Received Prepare
Registering precompiled user dll's ...
Registered in 0.000938 seconds.
Begin MonoManager ReloadAssembly
Native extension for WindowsStandalone target not found
Refreshing native plugins compatible for Editor in 0.40 ms, found 1 plugins.
Preloading 0 native plugins for Editor in 0.00 ms.
Invoked RoslynAnalysisRunner static constructor.
RoslynAnalysisRunner will not be running.
RoslynAnalysisRunner has terminated.
Mono: successfully reloaded assembly
- Completed reload, in  0.858 seconds
Platform modules already initialized, skipping
Refreshing native plugins compatible for Editor in 0.36 ms, found 1 plugins.
Preloading 0 native plugins for Editor in 0.00 ms.
Unloading 1797 Unused Serialized files (Serialized files now loaded: 0)
System memory in use before: 88.0 MB.
System memory in use after: 88.1 MB.

Unloading 8 unused Assets to reduce memory usage. Loaded Objects now: 2306.
Total: 1.862200 ms (FindLiveObjects: 0.218800 ms CreateObjectMapping: 0.041800 ms MarkObjects: 1.582900 ms  DeleteObjects: 0.017600 ms)

========================================================================
Received Import Request.
  Time since last request: 262.401898 seconds.
  path: Assets/Resources/01_Player/Player.prefab
  artifactKey: Guid(b5605d89206d6994892445dbed8b32bd) Importer(815301076,1909f56bfc062723c751e8b465ee728b)
Start importing Assets/Resources/01_Player/Player.prefab using Guid(b5605d89206d6994892445dbed8b32bd) Importer(815301076,1909f56bfc062723c751e8b465ee728b)  -> (artifact id: '99a66d35470c42c8a1f281bdee413e87') in 0.058489 seconds
  Import took 0.061725 seconds .

========================================================================
Received Prepare
Registering precompiled user dll's ...
Registered in 0.000903 seconds.
Begin MonoManager ReloadAssembly
Native extension for WindowsStandalone target not found
Refreshing native plugins compatible for Editor in 0.40 ms, found 1 plugins.
Preloading 0 native plugins for Editor in 0.00 ms.
Invoked RoslynAnalysisRunner static constructor.
RoslynAnalysisRunner will not be running.
RoslynAnalysisRunner has terminated.
Mono: successfully reloaded assembly
- Completed reload, in  0.814 seconds
Platform modules already initialized, skipping
Refreshing native plugins compatible for Editor in 0.35 ms, found 1 plugins.
Preloading 0 native plugins for Editor in 0.00 ms.
Unloading 1797 Unused Serialized files (Serialized files now loaded: 0)
System memory in use before: 88.1 MB.
System memory in use after: 88.2 MB.

Unloading 8 unused Assets to reduce memory usage. Loaded Objects now: 2309.
Total: 2.138800 ms (FindLiveObjects: 0.459500 ms CreateObjectMapping: 0.055500 ms MarkObjects: 1.605600 ms  DeleteObjects: 0.016400 ms)

========================================================================
Received Import Request.
  Time since last request: 170.170569 seconds.
  path: Assets/Editor
  artifactKey: Guid(46d9a352833b6e244a23d24100a6ebf1) Importer(815301076,1909f56bfc062723c751e8b465ee728b)
Start importing Assets/Editor using Guid(46d9a352833b6e244a23d24100a6ebf1) Importer(815301076,1909f56bfc062723c751e8b465ee728b)  -> (artifact id: '5785166b3c84f0a5f2aacac856b08606') in 0.009046 seconds
  Import took 0.018389 seconds .

========================================================================
Received Prepare
Registering precompiled user dll's ...
Registered in 0.000872 seconds.
Begin MonoManager ReloadAssembly
Native extension for WindowsStandalone target not found
Refreshing native plugins compatible for Editor in 0.34 ms, found 1 plugins.
Preloading 0 native plugins for Editor in 0.00 ms.
Invoked RoslynAnalysisRunner static constructor.
RoslynAnalysisRunner will not be running.
RoslynAnalysisRunner has terminated.
Mono: successfully reloaded assembly
- Completed reload, in  0.801 seconds
Platform modules already initialized, skipping
Refreshing native plugins compatible for Editor in 0.34 ms, found 1 plugins.
Preloading 0 native plugins for Editor in 0.00 ms.
Unloading 1797 Unused Serialized files (Serialized files now loaded: 0)
System memory in use before: 88.2 MB.
System memory in use after: 88.3 MB.

Unloading 8 unused Assets to reduce memory usage. Loaded Objects now: 2311.
Total: 2.949400 ms (FindLiveObjects: 0.299700 ms CreateObjectMapping: 0.079100 ms MarkObjects: 2.549800 ms  DeleteObjects: 0.019000 ms)

========================================================================
Received Import Request.
  Time since last request: 553.090032 seconds.
  path: Assets
  artifactKey: Guid(00000000000000001000000000000000) Importer(815301076,1909f56bfc062723c751e8b465ee728b)
Start importing Assets using Guid(00000000000000001000000000000000) Importer(815301076,1909f56bfc062723c751e8b465ee728b)  -> (artifact id: 'b41cfa13f056e58f64cf5f3363de7353') in 0.011353 seconds
  Import took 0.014542 seconds .

========================================================================
Received Import Request.
  Time since last request: 3.623854 seconds.
  path: Assets/Animation
  artifactKey: Guid(3d2570e92c58d8f4e84e1a2e867a6bab) Importer(815301076,1909f56bfc062723c751e8b465ee728b)
Start importing Assets/Animation using Guid(3d2570e92c58d8f4e84e1a2e867a6bab) Importer(815301076,1909f56bfc062723c751e8b465ee728b)  -> (artifact id: '2920dfd7f3c91af5732cf04745dcfb99') in 0.006139 seconds
  Import took 0.010497 seconds .

========================================================================
Received Import Request.
  Time since last request: 0.650931 seconds.
  path: Assets/Animation/001_Player
  artifactKey: Guid(5aff0e128821b5447a7c6a2a984ab2c2) Importer(815301076,1909f56bfc062723c751e8b465ee728b)
Start importing Assets/Animation/001_Player using Guid(5aff0e128821b5447a7c6a2a984ab2c2) Importer(815301076,1909f56bfc062723c751e8b465ee728b)  -> (artifact id: 'd6d29fa918db3275126c589247736aac') in 0.005648 seconds
  Import took 0.015788 seconds .

========================================================================
Received Prepare
Registering precompiled user dll's ...
Registered in 0.001009 seconds.
Begin MonoManager ReloadAssembly
Native extension for WindowsStandalone target not found
Refreshing native plugins compatible for Editor in 0.34 ms, found 1 plugins.
Preloading 0 native plugins for Editor in 0.00 ms.
Invoked RoslynAnalysisRunner static constructor.
RoslynAnalysisRunner will not be running.
RoslynAnalysisRunner has terminated.
Mono: successfully reloaded assembly
- Completed reload, in  0.814 seconds
Platform modules already initialized, skipping
Refreshing native plugins compatible for Editor in 0.34 ms, found 1 plugins.
Preloading 0 native plugins for Editor in 0.00 ms.
Unloading 1797 Unused Serialized files (Serialized files now loaded: 0)
System memory in use before: 88.3 MB.
System memory in use after: 88.4 MB.

Unloading 8 unused Assets to reduce memory usage. Loaded Objects now: 2313.
Total: 2.148000 ms (FindLiveObjects: 0.301500 ms CreateObjectMapping: 0.046800 ms MarkObjects: 1.775200 ms  DeleteObjects: 0.022900 ms)

========================================================================
Received Prepare
Registering precompiled user dll's ...
Registered in 0.001313 seconds.
Begin MonoManager ReloadAssembly
Native extension for WindowsStandalone target not found
Refreshing native plugins compatible for Editor in 0.34 ms, found 1 plugins.
Preloading 0 native plugins for Editor in 0.00 ms.
Invoked RoslynAnalysisRunner static constructor.
RoslynAnalysisRunner will not be running.
RoslynAnalysisRunner has terminated.
Mono: successfully reloaded assembly
- Completed reload, in  0.854 seconds
Platform modules already initialized, skipping
Refreshing native plugins compatible for Editor in 0.54 ms, found 1 plugins.
Preloading 0 native plugins for Editor in 0.00 ms.
Unloading 1797 Unused Serialized files (Serialized files now loaded: 0)
System memory in use before: 88.4 MB.
System memory in use after: 88.5 MB.

Unloading 8 unused Assets to reduce memory usage. Loaded Objects now: 2315.
Total: 2.075800 ms (FindLiveObjects: 0.304900 ms CreateObjectMapping: 0.047700 ms MarkObjects: 1.703400 ms  DeleteObjects: 0.018500 ms)

========================================================================
Received Prepare
Registering precompiled user dll's ...
Registered in 0.000897 seconds.
Begin MonoManager ReloadAssembly
Native extension for WindowsStandalone target not found
Refreshing native plugins compatible for Editor in 0.38 ms, found 1 plugins.
Preloading 0 native plugins for Editor in 0.00 ms.
Invoked RoslynAnalysisRunner static constructor.
RoslynAnalysisRunner will not be running.
RoslynAnalysisRunner has terminated.
Mono: successfully reloaded assembly
- Completed reload, in  0.833 seconds
Platform modules already initialized, skipping
Refreshing native plugins compatible for Editor in 0.36 ms, found 1 plugins.
Preloading 0 native plugins for Editor in 0.00 ms.
Unloading 1797 Unused Serialized files (Serialized files now loaded: 0)
System memory in use before: 88.5 MB.
System memory in use after: 88.6 MB.

Unloading 8 unused Assets to reduce memory usage. Loaded Objects now: 2317.
Total: 2.118000 ms (FindLiveObjects: 0.221200 ms CreateObjectMapping: 0.043100 ms MarkObjects: 1.834400 ms  DeleteObjects: 0.018200 ms)

